rsi 47.958, ema 50 27082.888, ema 100 27056.551, ema 200 27065.509
rsi 46.091, ema 50 27083.187, ema 100 27057.223, ema 200 27065.758
rsi 45.901, ema 50 27083.430, ema 100 27057.860, ema 200 27065.993
rsi 47.578, ema 50 27083.974, ema 100 27058.641, ema 200 27066.304
rsi 41.786, ema 50 27083.211, ema 100 27058.757, ema 200 27066.286
rsi 42.086, ema 50 27082.528, ema 100 27058.897, ema 200 27066.282
rsi 40.475, ema 50 27081.507, ema 100 27058.849, ema 200 27066.184
rsi 41.791, ema 50 27080.726, ema 100 27058.904, ema 200 27066.139
rsi 44.164, ema 50 27080.333, ema 100 27059.137, ema 200 27066.184
rsi 50.852, ema 50 27081.061, ema 100 27059.925, ema 200 27066.510
rsi 51.009, ema 50 27081.788, ema 100 27060.710, ema 200 27066.839
rsi 52.388, ema 50 27082.718, ema 100 27061.597, ema 200 27067.224
rsi 50.922, ema 50 27083.392, ema 100 27062.356, ema 200 27067.549
rsi 47.883, ema 50 27083.577, ema 100 27062.866, ema 200 27067.753
rsi 54.283, ema 50 27084.762, ema 100 27063.874, ema 200 27068.211
rsi 48.830, ema 50 27085.050, ema 100 27064.433, ema 200 27068.449
rsi 45.624, ema 50 27084.773, ema 100 27064.702, ema 200 27068.544
rsi 41.127, ema 50 27083.653, ema 100 27064.533, ema 200 27068.421
rsi 42.196, ema 50 27082.725, ema 100 27064.444, ema 200 27068.337
rsi 42.226, ema 50 27081.838, ema 100 27064.358, ema 200 27068.256
rsi 45.288, ema 50 27081.381, ema 100 27064.473, ema 200 27068.275
rsi 46.349, ema 50 27081.080, ema 100 27064.656, ema 200 27068.329
rsi 45.375, ema 50 27080.650, ema 100 27064.764, ema 200 27068.346
rsi 47.489, ema 50 27080.487, ema 100 27064.996, ema 200 27068.428
rsi 44.341, ema 50 27079.903, ema 100 27065.008, ema 200 27068.399
rsi 48.018, ema 50 27079.766, ema 100 27065.234, ema 200 27068.479
rsi 49.418, ema 50 27079.798, ema 100 27065.538, ema 200 27068.600
rsi 53.554, ema 50 27080.336, ema 100 27066.092, ema 200 27068.847
rsi 47.064, ema 50 27080.060, ema 100 27066.234, ema 200 27068.892
rsi 45.734, ema 50 27079.618, ema 100 27066.285, ema 200 27068.891
rsi 41.194, ema 50 27078.555, ema 100 27066.012, ema 200 27068.728
rsi 38.073, ema 50 27077.043, ema 100 27065.497, ema 200 27068.442
rsi 33.951, ema 50 27074.861, ema 100 27064.624, ema 200 27067.974
rsi 31.742, ema 50 27072.329, ema 100 27063.548, ema 200 27067.400
rsi 44.693, ema 50 27071.351, ema 100 27063.228, ema 200 27067.201
rsi 38.889, ema 50 27069.349, ema 100 27062.378, ema 200 27066.734
rsi 33.948, ema 50 27066.320, ema 100 27060.987, ema 200 27065.992
rsi 33.948, ema 50 27063.409, ema 100 27059.623, ema 200 27065.256
rsi 37.815, ema 50 27061.080, ema 100 27058.521, ema 200 27064.647
rsi 37.497, ema 50 27058.778, ema 100 27057.410, ema 200 27064.027
rsi 35.893, ema 50 27056.258, ema 100 27056.164, ema 200 27063.336
rsi 34.601, ema 50 27053.585, ema 100 27054.816, ema 200 27062.587current closing price: 26988.10, prev opening price: 26992.00, timestamp: 1684302900 
ENGULFING BEARISH!!

SHORT ORDER!!H!!
Short W
Short Order! Stop Loss: 27003.50 Take Profit: 26972.70 Entry Price 26984.00
Timestamp: 2023-05-15 17:20:00 UTC
rsi 30.760, ema 50 27041.984, ema 100 27048.772, ema 200 27059.290
rsi 36.514, ema 50 27039.142, ema 100 27047.202, ema 200 27058.397
rsi 31.088, ema 50 27035.187, ema 100 27045.045, ema 200 27057.202
rsi 35.581, ema 50 27031.921, ema 100 27043.201, ema 200 27056.154
rsi 38.954, ema 50 27029.203, ema 100 27041.605, ema 200 27055.223
rsi 46.532, ema 50 27027.646, ema 100 27040.573, ema 200 27054.569
rsi 45.492, ema 50 27025.969, ema 100 27039.471, ema 200 27053.876
rsi 51.931, ema 50 27025.363, ema 100 27038.897, ema 200 27053.444
rsi 47.516, ema 50 27024.047, ema 100 27037.964, ema 200 27052.831
rsi 47.516, ema 50 27022.782, ema 100 27037.050, ema 200 27052.223
rsi 51.434, ema 50 27022.167, ema 100 27036.457, ema 200 27051.774
rsi 50.820, ema 50 27021.486, ema 100 27035.830, ema 200 27051.307
rsi 57.041, ema 50 27021.847, ema 100 27035.729, ema 200 27051.102
rsi 50.319, ema 50 27021.198, ema 100 27035.126, ema 200 27050.646
rsi 48.199, ema 50 27020.230, ema 100 27034.361, ema 200 27050.107
rsi 46.730, ema 50 27019.060, ema 100 27033.491, ema 200 27049.513
rsi 42.603, ema 50 27017.230, ema 100 27032.281, ema 200 27048.746
rsi 41.721, ema 50 27015.315, ema 100 27031.016, ema 200 27047.947
rsi 37.368, ema 50 27012.656, ema 100 27029.362, ema 200 27046.947
rsi 23.247, ema 50 27005.669, ema 100 27025.504, ema 200 27044.833
rsi 30.278, ema 50 27000.055, ema 100 27022.276, ema 200 27043.019
rsi 28.884, ema 50 26994.123, ema 100 27018.841, ema 200 27041.086
rsi 26.736, ema 50 26987.554, ema 100 27015.034, ema 200 27038.952
rsi 24.728, ema 50 26980.360, ema 100 27010.857, ema 200 27036.615
rsi 25.848, ema 50 26973.612, ema 100 27006.846, ema 200 27034.344
rsi 24.502, ema 50 26966.565, ema 100 27002.629, ema 200 27031.951
rsi 23.970, ema 50 26959.570, ema 100 26998.383, ema 200 27029.526
rsi 23.805, ema 50 26952.783, ema 100 26994.187, ema 200 27027.108
rsi 36.619, ema 50 26948.070, ema 100 26990.988, ema 200 27025.172
rsi 40.499, ema 50 26944.193, ema 100 26988.180, ema 200 27023.421
rsi 40.522, ema 50 26940.471, ema 100 26985.430, ema 200 27021.689
rsi 39.021, ema 50 26936.543, ema 100 26982.556, ema 200 27019.884
rsi 34.346, ema 50 26931.565, ema 100 26979.131, ema 200 27017.791
rsi 34.401, ema 50 26926.790, ema 100 26975.778, ema 200 27015.722
rsi 36.553, ema 50 26922.496, ema 100 26972.640, ema 200 27013.748
rsi 38.857, ema 50 26918.684, ema 100 26969.722, ema 200 27011.872
rsi 42.642, ema 50 26915.552, ema 100 26967.130, ema 200 27010.150
rsi 47.728, ema 50 26913.314, ema 100 26964.979, ema 200 27008.641
rsi 46.227, ema 50 26910.902, ema 100 26962.738, ema 200 27007.081
rsi 47.682, ema 50 26908.800, ema 100 26960.650, ema 200 27005.590
rsi 49.241, ema 50 26907.008, ema 100 26958.718, ema 200 27004.173
rsi 46.732, ema 50 26904.906, ema 100 26956.632, ema 200 27002.672
rsi 50.276, ema 50 26903.380, ema 100 26954.838, ema 200 27001.312
rsi 46.766, ema 50 26901.396, ema 100 26952.817, ema 200 26999.835
rsi 49.003, ema 50 26899.793, ema 100 26950.989, ema 200 26998.448
rsi 51.483, ema 50 26898.593, ema 100 26949.370, ema 200 26997.162
rsi 49.746, ema 50 26897.213, ema 100 26947.667, ema 200 26995.831
rsi 45.787, ema 50 26895.346, ema 100 26945.725, ema 200 26994.376
rsi 43.801, ema 50 26893.265, ema 100 26943.677, ema 200 26992.863
rsi 45.712, ema 50 26891.482, ema 100 26941.779, ema 200 26991.420
rsi 46.913, ema 50 26889.903, ema 100 26939.985, ema 200 26990.024
rsi 57.299, ema 50 26889.746, ema 100 26938.914, ema 200 26988.988
rsi 56.510, ema 50 26889.505, ema 100 26937.819, ema 200 26987.940
rsi 58.285, ema 50 26889.532, ema 100 26936.876, ema 200 26986.967
rsi 55.093, ema 50 26889.217, ema 100 26935.779, ema 200 26985.918current closing price: 26881.50, prev opening price: 26883.60, timestamp: 1684320000 
ENGULFING BEARISH!!

rsi 49.519, ema 50 26888.263, ema 100 26934.376, ema 200 26984.714
rsi 43.221, ema 50 26886.477, ema 100 26932.560, ema 200 26983.301
rsi 51.457, ema 50 26885.838, ema 100 26931.325, ema 200 26982.175
rsi 47.995, ema 50 26884.727, ema 100 26929.864, ema 200 26980.935
rsi 40.545, ema 50 26882.397, ema 100 26927.793, ema 200 26979.386
rsi 40.669, ema 50 26880.173, ema 100 26925.771, ema 200 26977.857
rsi 33.448, ema 50 26876.519, ema 100 26923.023, ema 200 26975.958
rsi 25.421, ema 50 26870.503, ema 100 26919.065, ema 200 26973.442
rsi 25.248, ema 50 26864.656, ema 100 26915.150, ema 200 26970.934
rsi 31.254, ema 50 26859.830, ema 100 26911.714, ema 200 26968.652
rsi 26.203, ema 50 26853.429, ema 100 26907.454, ema 200 26965.945current closing price: 26696.60, prev opening price: 26712.90, timestamp: 1684323300 
ENGULFING BEARISH!!

rsi 17.127, ema 50 26841.906, ema 100 26900.566, ema 200 26961.902
rsi 26.316, ema 50 26832.631, ema 100 26894.721, ema 200 26958.354
rsi 26.152, ema 50 26823.626, ema 100 26888.944, ema 200 26954.819
rsi 32.568, ema 50 26816.311, ema 100 26883.957, ema 200 26951.657
rsi 36.896, ema 50 26810.264, ema 100 26879.564, ema 200 26948.776
rsi 45.605, ema 50 26806.724, ema 100 26876.404, ema 200 26946.500
rsi 45.511, ema 50 26803.292, ema 100 26873.291, ema 200 26944.238
rsi 51.741, ema 50 26801.829, ema 100 26871.167, ema 200 26942.464
rsi 46.340, ema 50 26798.687, ema 100 26868.207, ema 200 26940.268
rsi 44.467, ema 50 26795.017, ema 100 26864.977, ema 200 26937.928
rsi 49.403, ema 50 26792.950, ema 100 26862.548, ema 200 26935.981
rsi 44.950, ema 50 26789.454, ema 100 26859.405, ema 200 26933.671
rsi 41.048, ema 50 26784.616, ema 100 26855.577, ema 200 26931.009
rsi 44.071, ema 50 26780.823, ema 100 26852.256, ema 200 26928.590
rsi 42.750, ema 50 26776.701, ema 100 26848.760, ema 200 26926.073
rsi 41.777, ema 50 26772.395, ema 100 26845.159, ema 200 26923.494
rsi 41.283, ema 50 26768.089, ema 100 26841.544, ema 200 26920.898
rsi 48.382, ema 50 26765.772, ema 100 26838.919, ema 200 26918.790
rsi 47.151, ema 50 26763.181, ema 100 26836.163, ema 200 26916.610
rsi 51.137, ema 50 26761.778, ema 100 26834.009, ema 200 26914.727
rsi 49.822, ema 50 26760.077, ema 100 26831.720, ema 200 26912.774
rsi 49.008, ema 50 26758.231, ema 100 26829.369, ema 200 26910.786
rsi 49.091, ema 50 26756.476, ema 100 26827.074, ema 200 26908.823
rsi 54.525, ema 50 26756.128, ema 100 26825.500, ema 200 26907.219
rsi 52.270, ema 50 26755.292, ema 100 26823.704, ema 200 26905.503
rsi 42.919, ema 50 26752.033, ema 100 26820.704, ema 200 26903.182
rsi 34.958, ema 50 26746.001, ema 100 26816.298, ema 200 26900.147
rsi 38.807, ema 50 26741.118, ema 100 26812.441, ema 200 26897.374
rsi 37.574, ema 50 26735.957, ema 100 26808.422, ema 200 26894.510
rsi 39.238, ema 50 26731.374, ema 100 26804.673, ema 200 26891.770
rsi 41.762, ema 50 26727.540, ema 100 26801.286, ema 200 26889.201
rsi 48.373, ema 50 26725.484, ema 100 26798.787, ema 200 26887.070
rsi 48.418, ema 50 26723.519, ema 100 26796.344, ema 200 26884.964
rsi 47.456, ema 50 26721.381, ema 100 26793.822, ema 200 26882.815
rsi 41.282, ema 50 26717.574, ema 100 26790.465, ema 200 26880.243
rsi 47.443, ema 50 26715.383, ema 100 26787.915, ema 200 26878.069
rsi 59.665, ema 50 26717.211, ema 100 26787.402, ema 200 26876.914
rsi 61.702, ema 50 26719.803, ema 100 26787.321, ema 200 26875.982
rsi 58.251, ema 50 26721.383, ema 100 26786.782, ema 200 26874.829
rsi 59.806, ema 50 26723.486, ema 100 26786.549, ema 200 26873.836
rsi 55.824, ema 50 26724.467, ema 100 26785.795, ema 200 26872.589current closing price: 26748.50, prev opening price: 26760.00, timestamp: 1684335600 
ENGULFING BEARISH!!

rsi 56.356, ema 50 26725.586, ema 100 26785.146, ema 200 26871.399
rsi 60.862, ema 50 26728.229, ema 100 26785.301, ema 200 26870.619
rsi 59.619, ema 50 26730.475, ema 100 26785.305, ema 200 26869.772
rsi 51.639, ema 50 26730.567, ema 100 26784.266, ema 200 26868.409
rsi 55.941, ema 50 26732.054, ema 100 26783.953, ema 200 26867.415
rsi 57.260, ema 50 26733.934, ema 100 26783.875, ema 200 26866.545
rsi 57.368, ema 50 26735.776, ema 100 26783.816, ema 200 26865.693
rsi 53.818, ema 50 26736.687, ema 100 26783.325, ema 200 26864.631
rsi 53.012, ema 50 26737.366, ema 100 26782.744, ema 200 26863.530
rsi 53.860, ema 50 26738.242, ema 100 26782.288, ema 200 26862.497
rsi 58.429, ema 50 26740.346, ema 100 26782.478, ema 200 26861.795
rsi 53.101, ema 50 26741.179, ema 100 26782.065, ema 200 26860.798
rsi 57.521, ema 50 26743.239, ema 100 26782.295, ema 200 26860.130
rsi 51.337, ema 50 26743.724, ema 100 26781.766, ema 200 26859.090current closing price: 26755.60, prev opening price: 26760.90, timestamp: 1684339800 
ENGULFING BEARISH!!

rsi 52.094, ema 50 26744.393, ema 100 26781.351, ema 200 26858.112
rsi 55.612, ema 50 26746.002, ema 100 26781.431, ema 200 26857.388
rsi 54.576, ema 50 26747.315, ema 100 26781.393, ema 200 26856.613
rsi 58.625, ema 50 26749.707, ema 100 26781.926, ema 200 26856.133
rsi 63.843, ema 50 26753.703, ema 100 26783.306, ema 200 26856.088
rsi 65.259, ema 50 26758.052, ema 100 26784.915, ema 200 26856.172
rsi 67.711, ema 50 26763.148, ema 100 26786.957, ema 200 26856.489
rsi 70.999, ema 50 26769.412, ema 100 26789.649, ema 200 26857.150
rsi 66.880, ema 50 26774.663, ema 100 26791.899, ema 200 26857.609
rsi 62.816, ema 50 26778.911, ema 100 26793.703, ema 200 26857.862
rsi 59.298, ema 50 26782.272, ema 100 26795.107, ema 200 26857.929
rsi 65.332, ema 50 26787.583, ema 100 26797.535, ema 200 26858.523
rsi 58.069, ema 50 26791.054, ema 100 26799.090, ema 200 26858.698
rsi 58.629, ema 50 26794.573, ema 100 26800.708, ema 200 26858.918
rsi 60.934, ema 50 26798.712, ema 100 26802.677, ema 200 26859.328
rsi 63.211, ema 50 26803.468, ema 100 26805.000, ema 200 26859.932
rsi 64.788, ema 50 26808.595, ema 100 26807.558, ema 200 26860.671
rsi 67.267, ema 50 26814.434, ema 100 26810.527, ema 200 26861.634
rsi 74.631, ema 50 26823.543, ema 100 26815.204, ema 200 26863.476
rsi 78.272, ema 50 26834.714, ema 100 26821.010, ema 200 26865.913
rsi 73.022, ema 50 26844.321, ema 100 26826.133, ema 200 26868.040
rsi 74.284, ema 50 26854.316, ema 100 26831.540, ema 200 26870.340
rsi 70.913, ema 50 26863.198, ema 100 26836.476, ema 200 26872.434
rsi 71.279, ema 50 26871.919, ema 100 26841.409, ema 200 26874.555
rsi 72.513, ema 50 26880.923, ema 100 26846.559, ema 200 26876.813
rsi 73.177, ema 50 26889.906, ema 100 26851.776, ema 200 26879.134
rsi 75.076, ema 50 26899.514, ema 100 26857.382, ema 200 26881.679
rsi 70.703, ema 50 26907.952, ema 100 26862.478, ema 200 26883.997
rsi 69.011, ema 50 26915.750, ema 100 26867.316, ema 200 26886.214
rsi 65.021, ema 50 26922.505, ema 100 26871.686, ema 200 26888.222
rsi 68.940, ema 50 26930.489, ema 100 26876.724, ema 200 26890.589
rsi 57.794, ema 50 26935.772, ema 100 26880.456, ema 200 26892.326
rsi 58.841, ema 50 26941.197, ema 100 26884.290, ema 200 26894.135
rsi 62.846, ema 50 26947.816, ema 100 26888.760, ema 200 26896.283
rsi 66.092, ema 50 26955.463, ema 100 26893.790, ema 200 26898.736
rsi 76.398, ema 50 26968.778, ema 100 26901.735, ema 200 26902.679
rsi 80.038, ema 50 26984.897, ema 100 26911.202, ema 200 26907.426
rsi 72.152, ema 50 26998.195, ema 100 26919.376, ema 200 26911.571
rsi 71.879, ema 50 27010.893, ema 100 26927.349, ema 200 26915.655
rsi 75.251, ema 50 27025.713, ema 100 26936.486, ema 200 26920.363
rsi 70.661, ema 50 27038.634, ema 100 26944.778, ema 200 26924.690
rsi 72.147, ema 50 27052.119, ema 100 26953.445, ema 200 26929.245
rsi 72.916, ema 50 27065.632, ema 100 26962.223, ema 200 26933.896
rsi 73.357, ema 50 27078.925, ema 100 26970.983, ema 200 26938.580
rsi 69.068, ema 50 27090.598, ema 100 26979.015, ema 200 26942.938
rsi 70.739, ema 50 27102.810, ema 100 26987.391, ema 200 26947.506
rsi 73.246, ema 50 27116.147, ema 100 26996.411, ema 200 26952.435
rsi 65.610, ema 50 27126.937, ema 100 27004.230, ema 200 26956.802
rsi 61.439, ema 50 27136.081, ema 100 27011.277, ema 200 26960.815
rsi 52.450, ema 50 27141.803, ema 100 27016.638, ema 200 26964.011
rsi 56.823, ema 50 27149.270, ema 100 27022.887, ema 200 26967.675
rsi 55.832, ema 50 27156.091, ema 100 27028.834, ema 200 26971.212
rsi 55.933, ema 50 27162.687, ema 100 27034.684, ema 200 26974.726
rsi 56.451, ema 50 27169.233, ema 100 27040.524, ema 200 26978.257
rsi 56.678, ema 50 27175.608, ema 100 27046.292, ema 200 26981.774
rsi 57.106, ema 50 27181.886, ema 100 27052.023, ema 200 26985.296
rsi 56.904, ema 50 27187.867, ema 100 27057.615, ema 200 26988.770
rsi 49.465, ema 50 27191.598, ema 100 27062.078, ema 200 26991.697
rsi 47.613, ema 50 27194.625, ema 100 27066.171, ema 200 26994.455
rsi 50.994, ema 50 27198.487, ema 100 27070.665, ema 200 26997.426
rsi 60.415, ema 50 27205.460, ema 100 27076.717, ema 200 27001.196
rsi 64.249, ema 50 27213.850, ema 100 27083.503, ema 200 27005.357
rsi 62.969, ema 50 27221.581, ema 100 27089.988, ema 200 27009.394
rsi 60.437, ema 50 27228.366, ema 100 27096.020, ema 200 27013.227
rsi 58.209, ema 50 27234.317, ema 100 27101.645, ema 200 27016.877
rsi 54.340, ema 50 27239.014, ema 100 27106.644, ema 200 27020.232
rsi 51.223, ema 50 27242.660, ema 100 27111.107, ema 200 27023.335
rsi 55.984, ema 50 27247.682, ema 100 27116.247, ema 200 27026.791
rsi 54.576, ema 50 27252.133, ema 100 27121.098, ema 200 27030.118
rsi 51.217, ema 50 27255.508, ema 100 27125.397, ema 200 27033.184
rsi 49.312, ema 50 27258.226, ema 100 27129.345, ema 200 27036.086
rsi 53.058, ema 50 27261.884, ema 100 27133.745, ema 200 27039.224
rsi 51.211, ema 50 27264.923, ema 100 27137.817, ema 200 27042.211
rsi 51.163, ema 50 27267.832, ema 100 27141.803, ema 200 27045.165
rsi 48.992, ema 50 27270.106, ema 100 27145.446, ema 200 27047.957
rsi 45.158, ema 50 27271.321, ema 100 27148.528, ema 200 27050.476
rsi 43.944, ema 50 27272.171, ema 100 27151.389, ema 200 27052.889
rsi 46.397, ema 50 27273.490, ema 100 27154.447, ema 200 27055.406
rsi 49.537, ema 50 27275.420, ema 100 27157.779, ema 200 27058.066
rsi 52.297, ema 50 27277.882, ema 100 27161.351, ema 200 27060.853
rsi 50.961, ema 50 27279.977, ema 100 27164.717, ema 200 27063.544
rsi 56.309, ema 50 27283.193, ema 100 27168.623, ema 200 27066.514
rsi 59.787, ema 50 27287.170, ema 100 27172.900, ema 200 27069.679
rsi 57.413, ema 50 27290.563, ema 100 27176.876, ema 200 27072.704
rsi 60.265, ema 50 27294.541, ema 100 27181.136, ema 200 27075.881
rsi 63.712, ema 50 27299.308, ema 100 27185.789, ema 200 27079.266
rsi 63.319, ema 50 27303.826, ema 100 27190.318, ema 200 27082.602
rsi 60.967, ema 50 27307.801, ema 100 27194.573, ema 200 27085.812
rsi 56.654, ema 50 27310.926, ema 100 27198.393, ema 200 27088.814
rsi 55.647, ema 50 27313.765, ema 100 27202.055, ema 200 27091.744
rsi 61.472, ema 50 27317.793, ema 100 27206.301, ema 200 27094.975
rsi 55.513, ema 50 27320.676, ema 100 27209.965, ema 200 27097.924
rsi 57.653, ema 50 27323.924, ema 100 27213.797, ema 200 27100.964
rsi 56.174, ema 50 27326.802, ema 100 27217.431, ema 200 27103.913
rsi 48.390, ema 50 27328.151, ema 100 27220.278, ema 200 27106.473
rsi 49.312, ema 50 27329.619, ema 100 27223.155, ema 200 27109.051
rsi 62.785, ema 50 27334.277, ema 100 27227.616, ema 200 27112.428
rsi 51.439, ema 50 27336.251, ema 100 27230.724, ema 200 27115.136
rsi 53.401, ema 50 27338.688, ema 100 27234.044, ema 200 27117.955
rsi 50.293, ema 50 27340.261, ema 100 27236.911, ema 200 27120.550current closing price: 27378.80, prev opening price: 27381.30, timestamp: 1684369800 
ENGULFING BEARISH!!

rsi 50.703, ema 50 27341.874, ema 100 27239.772, ema 200 27123.146
rsi 49.902, ema 50 27343.240, ema 100 27242.484, ema 200 27125.669
rsi 47.958, ema 50 27344.113, ema 100 27244.920, ema 200 27128.055
rsi 48.075, ema 50 27344.975, ema 100 27247.319, ema 200 27130.424
rsi 45.615, ema 50 27345.278, ema 100 27249.406, ema 200 27132.635
rsi 45.372, ema 50 27345.518, ema 100 27251.426, ema 200 27134.812
rsi 50.517, ema 50 27346.674, ema 100 27253.873, ema 200 27137.202
rsi 51.842, ema 50 27348.036, ema 100 27256.398, ema 200 27139.632
rsi 52.272, ema 50 27349.423, ema 100 27258.913, ema 200 27142.057
rsi 52.196, ema 50 27350.744, ema 100 27261.372, ema 200 27144.456
rsi 46.866, ema 50 27351.150, ema 100 27263.347, ema 200 27146.611
rsi 45.325, ema 50 27351.273, ema 100 27265.148, ema 200 27148.678
rsi 41.779, ema 50 27350.753, ema 100 27266.590, ema 200 27150.562
rsi 36.931, ema 50 27349.257, ema 100 27267.501, ema 200 27152.174
rsi 36.236, ema 50 27347.666, ema 100 27268.317, ema 200 27153.732
rsi 36.795, ema 50 27346.205, ema 100 27269.151, ema 200 27155.291
rsi 40.212, ema 50 27345.204, ema 100 27270.171, ema 200 27156.936
rsi 43.229, ema 50 27344.612, ema 100 27271.358, ema 200 27158.659
rsi 46.273, ema 50 27344.427, ema 100 27272.715, ema 200 27160.463
rsi 40.044, ema 50 27343.215, ema 100 27273.523, ema 200 27161.986current closing price: 27313.50, prev opening price: 27330.10, timestamp: 1684375800 
ENGULFING BEARISH!!

rsi 36.792, ema 50 27341.418, ema 100 27273.996, ema 200 27163.333
rsi 37.133, ema 50 27339.731, ema 100 27274.479, ema 200 27164.677
rsi 47.390, ema 50 27339.424, ema 100 27275.616, ema 200 27166.341
rsi 48.231, ema 50 27339.250, ema 100 27276.792, ema 200 27168.019
rsi 47.337, ema 50 27338.950, ema 100 27277.877, ema 200 27169.647current closing price: 27331.60, prev opening price: 27332.00, timestamp: 1684377300 
ENGULFING BEARISH!!

rsi 57.173, ema 50 27340.195, ema 100 27279.715, ema 200 27171.647
rsi 49.662, ema 50 27340.239, ema 100 27280.935, ema 200 27173.335
rsi 53.177, ema 50 27340.892, ema 100 27282.439, ema 200 27175.162
rsi 49.502, ema 50 27340.916, ema 100 27283.609, ema 200 27176.817
rsi 50.902, ema 50 27341.170, ema 100 27284.872, ema 200 27178.514
rsi 45.596, ema 50 27340.513, ema 100 27285.655, ema 200 27179.966
rsi 49.029, ema 50 27340.422, ema 100 27286.695, ema 200 27181.540
rsi 57.224, ema 50 27341.860, ema 100 27288.485, ema 200 27183.486
rsi 51.577, ema 50 27342.277, ema 100 27289.753, ema 200 27185.168
rsi 53.754, ema 50 27343.106, ema 100 27291.211, ema 200 27186.941
rsi 50.543, ema 50 27343.341, ema 100 27292.358, ema 200 27188.555
rsi 54.267, ema 50 27344.277, ema 100 27293.840, ema 200 27190.332LONG ORDER!!H!! 
Long L
Long Order! Stop Loss: 27313.60 Take Profit: 27420.80 Entry Price 27363.50
Timestamp: 2023-05-15 17:20:00 UTC
rsi 40.184, ema 50 27341.547, ema 100 27302.484, ema 200 27205.726
rsi 44.249, ema 50 27340.706, ema 100 27302.833, ema 200 27206.864
rsi 45.459, ema 50 27340.043, ema 100 27303.248, ema 200 27208.028
rsi 39.257, ema 50 27338.426, ema 100 27303.160, ema 200 27208.931current closing price: 27298.80, prev opening price: 27322.80, timestamp: 1684385100 
ENGULFING BEARISH!!

rsi 42.945, ema 50 27337.303, ema 100 27303.292, ema 200 27209.934
rsi 39.909, ema 50 27335.723, ema 100 27303.167, ema 200 27210.801
rsi 41.509, ema 50 27334.385, ema 100 27303.136, ema 200 27211.704
rsi 44.552, ema 50 27333.444, ema 100 27303.280, ema 200 27212.686
rsi 42.548, ema 50 27332.250, ema 100 27303.275, ema 200 27213.585
rsi 41.755, ema 50 27330.989, ema 100 27303.212, ema 200 27214.446
rsi 38.876, ema 50 27329.358, ema 100 27302.938, ema 200 27215.192
rsi 32.104, ema 50 27326.599, ema 100 27302.068, ema 200 27215.627
rsi 37.891, ema 50 27324.540, ema 100 27301.514, ema 200 27216.209
rsi 34.475, ema 50 27321.923, ema 100 27300.649, ema 200 27216.623
rsi 38.812, ema 50 27319.875, ema 100 27300.036, ema 200 27217.151
rsi 32.883, ema 50 27316.727, ema 100 27298.839, ema 200 27217.375
rsi 32.353, ema 50 27313.585, ema 100 27297.607, ema 200 27217.566
rsi 28.261, ema 50 27309.586, ema 100 27295.904, ema 200 27217.507
rsi 37.756, ema 50 27306.841, ema 100 27294.789, ema 200 27217.726
rsi 33.539, ema 50 27303.235, ema 100 27293.207, ema 200 27217.698
rsi 30.267, ema 50 27298.901, ema 100 27291.216, ema 200 27217.450
rsi 31.435, ema 50 27294.877, ema 100 27289.337, ema 200 27217.239
rsi 28.768, ema 50 27290.286, ema 100 27287.128, ema 200 27216.847
rsi 27.375, ema 50 27285.471, ema 100 27284.759, ema 200 27216.356
rsi 37.225, ema 50 27282.060, ema 100 27283.051, ema 200 27216.178
rsi 40.076, ema 50 27279.179, ema 100 27281.577, ema 200 27216.103
rsi 47.657, ema 50 27277.584, ema 100 27280.724, ema 200 27216.325
rsi 43.713, ema 50 27275.275, ema 100 27279.496, ema 200 27216.349
rsi 42.657, ema 50 27272.841, ema 100 27278.183, ema 200 27216.318
rsi 41.633, ema 50 27270.298, ema 100 27276.793, ema 200 27216.235
rsi 45.984, ema 50 27268.490, ema 100 27275.752, ema 200 27216.314
rsi 44.000, ema 50 27266.396, ema 100 27274.551, ema 200 27216.302
rsi 42.026, ema 50 27264.024, ema 100 27273.191, ema 200 27216.199
rsi 49.342, ema 50 27262.823, ema 100 27272.403, ema 200 27216.370
rsi 43.705, ema 50 27260.646, ema 100 27271.114, ema 200 27216.280
rsi 48.994, ema 50 27259.416, ema 100 27270.286, ema 200 27216.409
rsi 52.225, ema 50 27258.812, ema 100 27269.766, ema 200 27216.684
rsi 59.860, ema 50 27259.839, ema 100 27270.067, ema 200 27217.363
rsi 67.969, ema 50 27263.190, ema 100 27271.557, ema 200 27218.636
rsi 74.537, ema 50 27269.214, ema 100 27274.433, ema 200 27220.608
rsi 75.505, ema 50 27275.504, ema 100 27277.506, ema 200 27222.688
rsi 65.146, ema 50 27279.598, ema 100 27279.533, ema 200 27224.252
rsi 60.173, ema 50 27282.441, ema 100 27280.970, ema 200 27225.524
rsi 63.358, ema 50 27286.326, ema 100 27282.961, ema 200 27227.076
rsi 57.665, ema 50 27288.736, ema 100 27284.245, ema 200 27228.277
rsi 58.074, ema 50 27291.186, ema 100 27285.571, ema 200 27229.500
rsi 60.653, ema 50 27294.379, ema 100 27287.294, ema 200 27230.924
rsi 62.107, ema 50 27297.932, ema 100 27289.229, ema 200 27232.457
rsi 62.481, ema 50 27301.468, ema 100 27291.187, ema 200 27234.006
rsi 59.255, ema 50 27304.242, ema 100 27292.791, ema 200 27235.381
rsi 62.603, ema 50 27307.911, ema 100 27294.870, ema 200 27236.997
rsi 62.910, ema 50 27311.530, ema 100 27296.956, ema 200 27238.621
rsi 65.519, ema 50 27315.811, ema 100 27299.407, ema 200 27240.433
rsi 58.111, ema 50 27318.572, ema 100 27301.125, ema 200 27241.883
rsi 55.486, ema 50 27320.698, ema 100 27302.544, ema 200 27243.186
rsi 55.695, ema 50 27322.793, ema 100 27303.961, ema 200 27244.489
rsi 53.650, ema 50 27324.420, ema 100 27305.156, ema 200 27245.681
rsi 53.348, ema 50 27325.929, ema 100 27306.300, ema 200 27246.847
rsi 50.407, ema 50 27326.850, ema 100 27307.153, ema 200 27247.868
rsi 52.775, ema 50 27328.181, ema 100 27308.215, ema 200 27248.991
rsi 52.094, ema 50 27329.347, ema 100 27309.199, ema 200 27250.075
rsi 54.222, ema 50 27330.847, ema 100 27310.356, ema 200 27251.244
rsi 58.942, ema 50 27333.202, ema 100 27311.951, ema 200 27252.634
rsi 59.059, ema 50 27335.488, ema 100 27313.526, ema 200 27254.016
rsi 61.409, ema 50 27338.151, ema 100 27315.306, ema 200 27255.502
rsi 60.313, ema 50 27340.573, ema 100 27316.981, ema 200 27256.939
rsi 62.063, ema 50 27343.229, ema 100 27318.789, ema 200 27258.445
rsi 62.984, ema 50 27345.953, ema 100 27320.649, ema 200 27259.980
rsi 54.922, ema 50 27347.602, ema 100 27321.982, ema 200 27261.254
rsi 61.276, ema 50 27350.339, ema 100 27323.872, ema 200 27262.807
rsi 47.306, ema 50 27350.726, ema 100 27324.591, ema 200 27263.776
rsi 46.215, ema 50 27350.882, ema 100 27325.187, ema 200 27264.681
rsi 48.203, ema 50 27351.365, ema 100 27325.940, ema 200 27265.661
rsi 51.960, ema 50 27352.484, ema 100 27327.009, ema 200 27266.798
rsi 48.321, ema 50 27352.928, ema 100 27327.737, ema 200 27267.763
rsi 49.871, ema 50 27353.613, ema 100 27328.582, ema 200 27268.785
rsi 48.402, ema 50 27354.028, ema 100 27329.287, ema 200 27269.734
rsi 43.647, ema 50 27353.592, ema 100 27329.557, ema 200 27270.462
rsi 46.415, ema 50 27353.580, ema 100 27330.027, ema 200 27271.286
rsi 47.458, ema 50 27353.722, ema 100 27330.565, ema 200 27272.141
rsi 47.822, ema 50 27353.909, ema 100 27331.118, ema 200 27273.000
rsi 48.706, ema 50 27354.207, ema 100 27331.720, ema 200 27273.881
rsi 47.691, ema 50 27354.356, ema 100 27332.240, ema 200 27274.718
rsi 47.825, ema 50 27354.514, ema 100 27332.758, ema 200 27275.551
rsi 52.083, ema 50 27355.173, ema 100 27333.522, ema 200 27276.503
rsi 48.823, ema 50 27355.421, ema 100 27334.076, ema 200 27277.349
rsi 56.177, ema 50 27356.616, ema 100 27335.102, ema 200 27278.429
rsi 52.576, ema 50 27357.341, ema 100 27335.894, ema 200 27279.391
rsi 52.442, ema 50 27358.022, ema 100 27336.662, ema 200 27280.340
rsi 59.122, ema 50 27359.609, ema 100 27337.887, ema 200 27281.515
rsi 51.354, ema 50 27360.201, ema 100 27338.616, ema 200 27282.442
rsi 39.137, ema 50 27358.711, ema 100 27338.291, ema 200 27282.838
rsi 62.208, ema 50 27362.185, ema 100 27340.449, ema 200 27284.474
rsi 52.051, ema 50 27363.177, ema 100 27341.381, ema 200 27285.500
rsi 52.484, ema 50 27364.253, ema 100 27342.356, ema 200 27286.545
rsi 43.277, ema 50 27362.627, ema 100 27341.968, ema 200 27286.906
rsi 42.565, ema 50 27360.830, ema 100 27341.470, ema 200 27287.204
rsi 39.402, ema 50 27358.037, ema 100 27340.443, ema 200 27287.227
rsi 39.355, ema 50 27355.337, ema 100 27339.428, ema 200 27287.247
rsi 37.560, ema 50 27352.152, ema 100 27338.135, ema 200 27287.116
rsi 39.413, ema 50 27349.459, ema 100 27337.053, ema 200 27287.080
rsi 32.644, ema 50 27344.481, ema 100 27334.784, ema 200 27286.438
rsi 32.644, ema 50 27339.697, ema 100 27332.561, ema 200 27285.801
rsi 30.429, ema 50 27334.227, ema 100 27329.940, ema 200 27284.950
rsi 30.791, ema 50 27329.033, ema 100 27327.402, ema 200 27284.122
rsi 37.348, ema 50 27325.212, ema 100 27325.505, ema 200 27283.600
rsi 37.169, ema 50 27321.486, ema 100 27323.618, ema 200 27283.068
rsi 32.811, ema 50 27316.487, ema 100 27321.051, ema 200 27282.182
rsi 37.781, ema 50 27312.582, ema 100 27318.989, ema 200 27281.533
rsi 46.380, ema 50 27310.637, ema 100 27317.880, ema 200 27281.348
rsi 45.155, ema 50 27308.440, ema 100 27316.627, ema 200 27281.082
rsi 44.300, ema 50 27306.105, ema 100 27315.286, ema 200 27280.762
rsi 44.143, ema 50 27303.822, ema 100 27313.952, ema 200 27280.435
rsi 45.174, ema 50 27301.821, ema 100 27312.741, ema 200 27280.160
rsi 37.901, ema 50 27298.044, ema 100 27310.617, ema 200 27279.417
rsi 52.745, ema 50 27297.776, ema 100 27310.233, ema 200 27279.534
rsi 45.372, ema 50 27295.396, ema 100 27308.785, ema 200 27279.112
rsi 48.211, ema 50 27293.883, ema 100 27307.755, ema 200 27278.890
rsi 54.539, ema 50 27294.350, ema 100 27307.716, ema 200 27279.158
rsi 55.094, ema 50 27294.979, ema 100 27307.770, ema 200 27279.469
rsi 63.234, ema 50 27298.623, ema 100 27309.356, ema 200 27280.548
rsi 55.454, ema 50 27299.940, ema 100 27309.809, ema 200 27281.061
rsi 41.378, ema 50 27295.597, ema 100 27307.420, ema 200 27280.147
rsi 45.706, ema 50 27293.060, ema 100 27305.905, ema 200 27279.657
rsi 44.148, ema 50 27289.897, ema 100 27304.054, ema 200 27278.988
rsi 46.977, ema 50 27287.913, ema 100 27302.771, ema 200 27278.593
rsi 49.893, ema 50 27287.132, ema 100 27302.083, ema 200 27278.488
rsi 43.849, ema 50 27283.762, ema 100 27300.085, ema 200 27277.719
rsi 43.815, ema 50 27280.509, ema 100 27298.119, ema 200 27276.953
rsi 44.445, ema 50 27277.595, ema 100 27296.299, ema 200 27276.249
rsi 37.153, ema 50 27271.356, ema 100 27292.778, ema 200 27274.680current closing price: 27118.50, prev opening price: 27201.10, timestamp: 1684423200 
ENGULFING BEARISH!!

rsi 36.856, ema 50 27265.204, ema 100 27289.248, ema 200 27273.086
rsi 38.420, ema 50 27259.757, ema 100 27286.021, ema 200 27271.625
rsi 37.662, ema 50 27254.175, ema 100 27282.682, ema 200 27270.091
rsi 39.747, ema 50 27249.379, ema 100 27279.696, ema 200 27268.716
rsi 42.023, ema 50 27245.392, ema 100 27277.083, ema 200 27267.512
rsi 42.672, ema 50 27241.734, ema 100 27274.608, ema 200 27266.363
rsi 35.918, ema 50 27235.528, ema 100 27270.823, ema 200 27264.544
rsi 37.014, ema 50 27229.841, ema 100 27267.253, ema 200 27262.812
rsi 35.781, ema 50 27223.863, ema 100 27263.493, ema 200 27260.967
rsi 33.549, ema 50 27217.166, ema 100 27259.327, ema 200 27258.899
rsi 35.336, ema 50 27211.124, ema 100 27255.441, ema 200 27256.951
rsi 34.044, ema 50 27204.806, ema 100 27251.373, ema 200 27254.891
rsi 31.559, ema 50 27197.708, ema 100 27246.867, ema 200 27252.592
rsi 37.760, ema 50 27192.190, ema 100 27243.107, ema 200 27250.646
rsi 42.725, ema 50 27188.045, ema 100 27240.006, ema 200 27249.012
rsi 43.466, ema 50 27184.239, ema 100 27237.055, ema 200 27247.440
rsi 44.548, ema 50 27180.830, ema 100 27234.288, ema 200 27245.946
rsi 41.813, ema 50 27176.770, ema 100 27231.179, ema 200 27244.268
rsi 40.243, ema 50 27172.406, ema 100 27227.898, ema 200 27242.489
rsi 39.393, ema 50 27167.967, ema 100 27224.558, ema 200 27240.666
rsi 41.033, ema 50 27164.003, ema 100 27221.436, ema 200 27238.937
rsi 39.067, ema 50 27159.674, ema 100 27218.112, ema 200 27237.092
rsi 35.349, ema 50 27154.451, ema 100 27214.318, ema 200 27234.997
rsi 36.146, ema 50 27149.563, ema 100 27210.664, ema 200 27232.955
rsi 37.306, ema 50 27145.047, ema 100 27207.174, ema 200 27230.980
rsi 34.341, ema 50 27139.912, ema 100 27203.351, ema 200 27228.822
rsi 18.338, ema 50 27126.860, ema 100 27195.504, ema 200 27224.625
rsi 15.792, ema 50 27111.713, ema 100 27186.496, ema 200 27219.809
rsi 12.898, ema 50 27093.246, ema 100 27175.690, ema 200 27214.048
rsi 19.519, ema 50 27077.134, ema 100 27165.922, ema 200 27208.758
rsi 14.454, ema 50 27054.670, ema 100 27152.821, ema 200 27201.748
rsi 26.978, ema 50 27037.373, ema 100 27142.143, ema 200 27195.896
rsi 23.912, ema 50 27017.268, ema 100 27129.916, ema 200 27189.217
rsi 28.840, ema 50 26999.924, ema 100 27118.928, ema 200 27183.106
rsi 32.116, ema 50 26984.625, ema 100 27108.846, ema 200 27177.401
rsi 35.393, ema 50 26971.322, ema 100 27099.669, ema 200 27172.108
rsi 34.330, ema 50 26957.710, ema 100 27090.254, ema 200 27166.656
rsi 33.314, ema 50 26943.847, ema 100 27080.629, ema 200 27161.059
rsi 37.470, ema 50 26932.163, ema 100 27072.021, ema 200 27155.933
rsi 35.510, ema 50 26919.591, ema 100 27062.903, ema 200 27150.517
rsi 37.581, ema 50 26908.306, ema 100 27054.367, ema 200 27145.356
rsi 35.445, ema 50 26896.082, ema 100 27045.302, ema 200 27139.896current closing price: 26596.60, prev opening price: 26611.40, timestamp: 1684435800 
ENGULFING BEARISH!!

SHORT ORDER!!H!!
Short L
Short Order! Stop Loss: 26670.40 Take Profit: 26522.80 Entry Price 26596.60
Timestamp: 2023-05-15 17:20:00 UTC
rsi 56.197, ema 50 26823.916, ema 100 26978.072, ema 200 27095.471
rsi 55.119, ema 50 26821.892, ema 100 26973.998, ema 200 27092.255
rsi 52.048, ema 50 26818.872, ema 100 26969.461, ema 200 27088.799
rsi 50.318, ema 50 26815.356, ema 100 26964.703, ema 200 27085.221
rsi 50.272, ema 50 26811.962, ema 100 26960.032, ema 200 27081.674
rsi 50.100, ema 50 26808.645, ema 100 26955.426, ema 200 27078.149
rsi 47.869, ema 50 26804.765, ema 100 26950.560, ema 200 27074.483
rsi 49.826, ema 50 26801.602, ema 100 26946.075, ema 200 27070.996
rsi 48.033, ema 50 26798.041, ema 100 26941.416, ema 200 27067.412
rsi 49.888, ema 50 26795.118, ema 100 26937.101, ema 200 27063.990
rsi 50.576, ema 50 26792.490, ema 100 26932.963, ema 200 27060.648
rsi 55.395, ema 50 26791.282, ema 100 26929.571, ema 200 27057.674
rsi 53.457, ema 50 26789.667, ema 100 26926.017, ema 200 27054.613
rsi 51.972, ema 50 26787.770, ema 100 26922.360, ema 200 27051.496
rsi 49.869, ema 50 26785.462, ema 100 26918.529, ema 200 27048.286
rsi 48.357, ema 50 26782.895, ema 100 26914.597, ema 200 27045.019
rsi 52.807, ema 50 26781.436, ema 100 26911.253, ema 200 27042.041
rsi 52.204, ema 50 26779.909, ema 100 26907.911, ema 200 27039.060
rsi 52.124, ema 50 26778.426, ema 100 26904.628, ema 200 27036.106
rsi 55.302, ema 50 26777.676, ema 100 26901.750, ema 200 27033.351
rsi 64.306, ema 50 26779.336, ema 100 26900.131, ema 200 27031.228
rsi 64.933, ema 50 26781.127, ema 100 26898.644, ema 200 27029.176
rsi 65.988, ema 50 26783.169, ema 100 26897.348, ema 200 27027.226
rsi 78.971, ema 50 26791.260, ema 100 26899.172, ema 200 27026.851
rsi 79.206, ema 50 26799.203, ema 100 26901.046, ema 200 27026.522
rsi 69.188, ema 50 26804.807, ema 100 26901.859, ema 200 27025.682
rsi 65.659, ema 50 26809.391, ema 100 26902.252, ema 200 27024.647
rsi 63.175, ema 50 26813.223, ema 100 26902.348, ema 200 27023.478
rsi 57.293, ema 50 26815.461, ema 100 26901.713, ema 200 27021.954
rsi 62.806, ema 50 26819.745, ema 100 26902.169, ema 200 27020.986
rsi 63.080, ema 50 26823.975, ema 100 26902.672, ema 200 27020.057
rsi 55.821, ema 50 26826.172, ema 100 26902.223, ema 200 27018.663
rsi 55.832, ema 50 26828.286, ema 100 26901.785, ema 200 27017.284
rsi 55.106, ema 50 26830.134, ema 100 26901.263, ema 200 27015.873
rsi 57.738, ema 50 26832.729, ema 100 26901.164, ema 200 27014.683
rsi 50.870, ema 50 26833.469, ema 100 26900.183, ema 200 27013.060current closing price: 26851.60, prev opening price: 26875.50, timestamp: 1684449300 
ENGULFING BEARISH!!

rsi 51.122, ema 50 26834.250, ema 100 26899.257, ema 200 27011.471
rsi 54.813, ema 50 26836.045, ema 100 26898.875, ema 200 27010.163
rsi 56.257, ema 50 26838.192, ema 100 26898.715, ema 200 27008.976
rsi 55.149, ema 50 26840.008, ema 100 26898.434, ema 200 27007.737
rsi 51.721, ema 50 26840.980, ema 100 26897.768, ema 200 27006.315
rsi 52.385, ema 50 26842.075, ema 100 26897.196, ema 200 27004.947
rsi 47.514, ema 50 26842.013, ema 100 26896.074, ema 200 27003.311
rsi 48.814, ema 50 26842.236, ema 100 26895.116, ema 200 27001.763
rsi 45.939, ema 50 26841.788, ema 100 26893.842, ema 200 27000.062
rsi 46.778, ema 50 26841.522, ema 100 26892.677, ema 200 26998.419
rsi 43.506, ema 50 26840.525, ema 100 26891.160, ema 200 26996.605
rsi 47.031, ema 50 26840.222, ema 100 26890.005, ema 200 26994.975
rsi 48.321, ema 50 26840.174, ema 100 26888.995, ema 200 26993.423
rsi 52.201, ema 50 26840.881, ema 100 26888.385, ema 200 26992.078
rsi 47.049, ema 50 26840.540, ema 100 26887.272, ema 200 26990.487
rsi 44.658, ema 50 26839.699, ema 100 26885.923, ema 200 26988.782
rsi 45.989, ema 50 26839.123, ema 100 26884.716, ema 200 26987.152
rsi 43.778, ema 50 26838.118, ema 100 26883.306, ema 200 26985.424
rsi 52.376, ema 50 26838.725, ema 100 26882.718, ema 200 26984.112
rsi 55.484, ema 50 26839.975, ema 100 26882.478, ema 200 26982.983
rsi 55.957, ema 50 26841.278, ema 100 26882.294, ema 200 26981.890
rsi 52.751, ema 50 26841.989, ema 100 26881.841, ema 200 26980.672
rsi 57.570, ema 50 26843.668, ema 100 26881.899, ema 200 26979.718
rsi 50.476, ema 50 26844.006, ema 100 26881.313, ema 200 26978.450
rsi 51.564, ema 50 26844.547, ema 100 26880.848, ema 200 26977.249
rsi 49.580, ema 50 26844.702, ema 100 26880.207, ema 200 26975.968
rsi 53.071, ema 50 26845.506, ema 100 26879.910, ema 200 26974.866
rsi 56.181, ema 50 26846.902, ema 100 26879.933, ema 200 26973.933
rsi 60.761, ema 50 26849.263, ema 100 26880.471, ema 200 26973.268
rsi 52.687, ema 50 26850.143, ema 100 26880.298, ema 200 26972.257current closing price: 26871.70, prev opening price: 26882.70, timestamp: 1684458300 
ENGULFING BEARISH!!

rsi 54.823, ema 50 26851.447, ema 100 26880.359, ema 200 26971.373
rsi 50.615, ema 50 26851.915, ema 100 26880.023, ema 200 26970.299
rsi 44.411, ema 50 26851.040, ema 100 26879.025, ema 200 26968.899
rsi 45.684, ema 50 26850.435, ema 100 26878.165, ema 200 26967.573
rsi 38.421, ema 50 26848.049, ema 100 26876.411, ema 200 26965.802current closing price: 26789.60, prev opening price: 26826.10, timestamp: 1684459800 
ENGULFING BEARISH!!

SHORT ORDER!!H!!
Short L
Short Order! Stop Loss: 26887.80 Take Profit: 26691.40 Entry Price 26790.60
Timestamp: 2023-05-15 17:20:00 UTC
rsi 66.355, ema 50 26851.427, ema 100 26853.870, ema 200 26910.583
rsi 69.465, ema 50 26854.237, ema 100 26855.241, ema 200 26910.707
rsi 61.836, ema 50 26856.248, ema 100 26856.237, ema 200 26910.656
rsi 64.239, ema 50 26858.571, ema 100 26857.410, ema 200 26910.704
rsi 58.705, ema 50 26860.259, ema 100 26858.285, ema 200 26910.613current closing price: 26901.60, prev opening price: 26902.90, timestamp: 1684478100 
ENGULFING BEARISH!!

rsi 61.192, ema 50 26862.256, ema 100 26859.333, ema 200 26910.619
rsi 63.205, ema 50 26864.493, ema 100 26860.520, ema 200 26910.705
rsi 62.600, ema 50 26866.588, ema 100 26861.657, ema 200 26910.777
rsi 61.782, ema 50 26868.529, ema 100 26862.735, ema 200 26910.830
rsi 55.844, ema 50 26869.862, ema 100 26863.522, ema 200 26910.747
rsi 61.371, ema 50 26871.879, ema 100 26864.666, ema 200 26910.852
rsi 66.593, ema 50 26874.672, ema 100 26866.219, ema 200 26911.173
rsi 63.660, ema 50 26877.085, ema 100 26867.605, ema 200 26911.422
rsi 61.750, ema 50 26879.226, ema 100 26868.874, ema 200 26911.624
rsi 46.416, ema 50 26879.480, ema 100 26869.208, ema 200 26911.366
rsi 47.214, ema 50 26879.826, ema 100 26869.586, ema 200 26911.136
rsi 39.595, ema 50 26878.935, ema 100 26869.338, ema 200 26910.599
rsi 42.600, ema 50 26878.447, ema 100 26869.282, ema 200 26910.160
rsi 40.676, ema 50 26877.653, ema 100 26869.063, ema 200 26909.643
rsi 39.904, ema 50 26876.761, ema 100 26868.782, ema 200 26909.098
rsi 38.521, ema 50 26875.676, ema 100 26868.393, ema 200 26908.501
rsi 40.549, ema 50 26874.842, ema 100 26868.115, ema 200 26907.963
rsi 43.647, ema 50 26874.362, ema 100 26868.006, ema 200 26907.511
rsi 45.691, ema 50 26874.116, ema 100 26868.008, ema 200 26907.119
rsi 48.228, ema 50 26874.151, ema 100 26868.147, ema 200 26906.800
rsi 49.300, ema 50 26874.298, ema 100 26868.340, ema 200 26906.512
rsi 50.996, ema 50 26874.616, ema 100 26868.618, ema 200 26906.272
rsi 59.140, ema 50 26875.897, ema 100 26869.384, ema 200 26906.282
rsi 60.829, ema 50 26877.364, ema 100 26870.254, ema 200 26906.352
rsi 55.970, ema 50 26878.315, ema 100 26870.874, ema 200 26906.305current closing price: 26901.60, prev opening price: 26906.10, timestamp: 1684485600 
ENGULFING BEARISH!!

rsi 51.852, ema 50 26878.804, ema 100 26871.269, ema 200 26906.151
rsi 52.307, ema 50 26879.326, ema 100 26871.682, ema 200 26906.011
rsi 48.652, ema 50 26879.450, ema 100 26871.896, ema 200 26905.777
rsi 50.700, ema 50 26879.778, ema 100 26872.211, ema 200 26905.598
rsi 46.689, ema 50 26879.676, ema 100 26872.309, ema 200 26905.316
rsi 39.782, ema 50 26878.732, ema 100 26871.979, ema 200 26904.821
rsi 35.701, ema 50 26877.217, ema 100 26871.347, ema 200 26904.177
rsi 34.213, ema 50 26875.522, ema 100 26870.608, ema 200 26903.479
rsi 38.426, ema 50 26874.259, ema 100 26870.067, ema 200 26902.880
rsi 32.932, ema 50 26872.162, ema 100 26869.091, ema 200 26902.063current closing price: 26820.80, prev opening price: 26838.10, timestamp: 1684488600 
ENGULFING BEARISH!!

rsi 33.478, ema 50 26870.195, ema 100 26868.159, ema 200 26901.266
rsi 37.840, ema 50 26868.682, ema 100 26867.435, ema 200 26900.573
rsi 45.743, ema 50 26868.004, ema 100 26867.117, ema 200 26900.084
rsi 41.943, ema 50 26866.839, ema 100 26866.547, ema 200 26899.469
rsi 41.631, ema 50 26865.677, ema 100 26865.966, ema 200 26898.850
rsi 46.866, ema 50 26865.090, ema 100 26865.663, ema 200 26898.370
rsi 43.132, ema 50 26864.051, ema 100 26865.128, ema 200 26897.776
rsi 48.100, ema 50 26863.582, ema 100 26864.870, ema 200 26897.321
rsi 41.430, ema 50 26862.226, ema 100 26864.159, ema 200 26896.641current closing price: 26829.00, prev opening price: 26839.40, timestamp: 1684491300 
ENGULFING BEARISH!!

SHORT ORDER!!H!!
Short L
Short Order! Stop Loss: 26875.80 Take Profit: 26782.20 Entry Price 26829.00
Timestamp: 2023-05-15 17:20:00 UTC
rsi 74.639, ema 50 26852.776, ema 100 26856.506, ema 200 26885.409
rsi 62.121, ema 50 26855.063, ema 100 26857.587, ema 200 26885.665
rsi 63.593, ema 50 26857.614, ema 100 26858.825, ema 200 26886.008
rsi 62.374, ema 50 26859.900, ema 100 26859.955, ema 200 26886.305
rsi 63.294, ema 50 26862.296, ema 100 26861.164, ema 200 26886.650
rsi 58.887, ema 50 26864.029, ema 100 26862.062, ema 200 26886.848current closing price: 26906.50, prev opening price: 26915.40, timestamp: 1684499700 
ENGULFING BEARISH!!

rsi 61.365, ema 50 26866.181, ema 100 26863.187, ema 200 26887.167
rsi 55.762, ema 50 26867.495, ema 100 26863.910, ema 200 26887.291current closing price: 26899.70, prev opening price: 26907.00, timestamp: 1684500300 
ENGULFING BEARISH!!

rsi 51.808, ema 50 26868.174, ema 100 26864.324, ema 200 26887.267
rsi 55.899, ema 50 26869.536, ema 100 26865.088, ema 200 26887.422
rsi 55.988, ema 50 26870.860, ema 100 26865.844, ema 200 26887.580
rsi 59.034, ema 50 26872.669, ema 100 26866.857, ema 200 26887.873
rsi 57.379, ema 50 26874.200, ema 100 26867.745, ema 200 26888.110
rsi 56.384, ema 50 26875.549, ema 100 26868.554, ema 200 26888.314
rsi 60.022, ema 50 26877.437, ema 100 26869.646, ema 200 26888.666
rsi 63.476, ema 50 26879.875, ema 100 26871.032, ema 200 26889.173
rsi 55.687, ema 50 26881.280, ema 100 26871.916, ema 200 26889.437current closing price: 26915.70, prev opening price: 26931.70, timestamp: 1684503000 
ENGULFING BEARISH!!

rsi 57.631, ema 50 26882.955, ema 100 26872.947, ema 200 26889.781
rsi 53.518, ema 50 26884.035, ema 100 26873.691, ema 200 26889.987current closing price: 26910.50, prev opening price: 26915.70, timestamp: 1684503600 
ENGULFING BEARISH!!

rsi 45.799, ema 50 26883.912, ema 100 26873.834, ema 200 26889.896
rsi 38.102, ema 50 26882.285, ema 100 26873.211, ema 200 26889.424
rsi 43.975, ema 50 26881.595, ema 100 26873.043, ema 200 26889.178
rsi 35.252, ema 50 26878.815, ema 100 26871.808, ema 200 26888.397
rsi 35.659, ema 50 26876.206, ema 100 26870.630, ema 200 26887.640
rsi 31.977, ema 50 26872.634, ema 100 26868.936, ema 200 26886.619
rsi 37.355, ema 50 26870.024, ema 100 26867.692, ema 200 26885.818
rsi 36.012, ema 50 26867.157, ema 100 26866.290, ema 200 26884.933
rsi 37.460, ema 50 26864.617, ema 100 26865.025, ema 200 26884.112
rsi 42.784, ema 50 26863.001, ema 100 26864.201, ema 200 26883.508
rsi 40.419, ema 50 26860.922, ema 100 26863.127, ema 200 26882.777
rsi 38.949, ema 50 26858.592, ema 100 26861.907, ema 200 26881.968
rsi 36.972, ema 50 26855.898, ema 100 26860.481, ema 200 26881.052
rsi 41.391, ema 50 26853.938, ema 100 26859.400, ema 200 26880.304
rsi 48.274, ema 50 26853.160, ema 100 26858.899, ema 200 26879.844
rsi 52.355, ema 50 26853.161, ema 100 26858.787, ema 200 26879.579
rsi 38.076, ema 50 26849.857, ema 100 26857.007, ema 200 26878.478
rsi 57.955, ema 50 26852.004, ema 100 26857.949, ema 200 26878.738
rsi 65.840, ema 50 26857.619, ema 100 26860.667, ema 200 26879.897
rsi 70.433, ema 50 26865.748, ema 100 26864.711, ema 200 26881.738
rsi 50.900, ema 50 26866.315, ema 100 26865.018, ema 200 26881.722current closing price: 26880.20, prev opening price: 26995.20, timestamp: 1684509900 
ENGULFING BEARISH!!

rsi 39.043, ema 50 26859.494, ema 100 26861.600, ema 200 26879.838
rsi 48.268, ema 50 26858.177, ema 100 26860.893, ema 200 26879.302
rsi 55.546, ema 50 26862.170, ema 100 26862.855, ema 200 26880.105
rsi 51.670, ema 50 26863.403, ema 100 26863.464, ema 200 26880.239
rsi 52.371, ema 50 26865.097, ema 100 26864.318, ema 200 26880.501
rsi 50.526, ema 50 26865.532, ema 100 26864.554, ema 200 26880.458current closing price: 26876.20, prev opening price: 26897.00, timestamp: 1684511700 
ENGULFING BEARISH!!

rsi 51.994, ema 50 26866.911, ema 100 26865.269, ema 200 26880.660
rsi 54.805, ema 50 26870.107, ema 100 26866.915, ema 200 26881.334
rsi 52.341, ema 50 26871.781, ema 100 26867.824, ema 200 26881.647
rsi 52.516, ema 50 26873.496, ema 100 26868.768, ema 200 26881.984
rsi 52.839, ema 50 26875.327, ema 100 26869.787, ema 200 26882.364
rsi 50.665, ema 50 26876.008, ema 100 26870.240, ema 200 26882.467current closing price: 26892.70, prev opening price: 26915.50, timestamp: 1684513500 
ENGULFING BEARISH!!

rsi 43.773, ema 50 26872.832, ema 100 26868.750, ema 200 26881.597
rsi 47.752, ema 50 26871.772, ema 100 26868.296, ema 200 26881.240
rsi 50.634, ema 50 26872.279, ema 100 26868.621, ema 200 26881.275
rsi 49.368, ema 50 26872.107, ema 100 26868.606, ema 200 26881.142
rsi 49.416, ema 50 26871.965, ema 100 26868.604, ema 200 26881.016
rsi 47.264, ema 50 26870.794, ema 100 26868.080, ema 200 26880.629
rsi 49.755, ema 50 26870.763, ema 100 26868.118, ema 200 26880.523
rsi 49.013, ema 50 26870.408, ema 100 26867.990, ema 200 26880.336
rsi 49.923, ema 50 26870.435, ema 100 26868.052, ema 200 26880.244
rsi 50.279, ema 50 26870.598, ema 100 26868.182, ema 200 26880.188
rsi 55.678, ema 50 26872.939, ema 100 26869.412, ema 200 26880.686
rsi 55.215, ema 50 26875.032, ema 100 26870.538, ema 200 26881.140
rsi 52.451, ema 50 26876.121, ema 100 26871.177, ema 200 26881.356
rsi 53.859, ema 50 26877.689, ema 100 26872.067, ema 200 26881.701
rsi 54.491, ema 50 26879.422, ema 100 26873.053, ema 200 26882.101
rsi 56.155, ema 50 26881.673, ema 100 26874.316, ema 200 26882.646
rsi 56.305, ema 50 26883.885, ema 100 26875.579, ema 200 26883.197
rsi 52.774, ema 50 26885.086, ema 100 26876.350, ema 200 26883.509
rsi 52.841, ema 50 26886.259, ema 100 26877.115, ema 200 26883.822
rsi 54.249, ema 50 26887.778, ema 100 26878.063, ema 200 26884.232
rsi 54.145, ema 50 26889.214, ema 100 26878.981, ema 200 26884.632
rsi 54.334, ema 50 26890.641, ema 100 26879.904, ema 200 26885.039
rsi 50.532, ema 50 26891.216, ema 100 26880.407, ema 200 26885.241current closing price: 26905.30, prev opening price: 26924.30, timestamp: 1684520400 
ENGULFING BEARISH!!

rsi 46.272, ema 50 26890.796, ema 100 26880.409, ema 200 26885.194
rsi 47.009, ema 50 26890.541, ema 100 26880.486, ema 200 26885.185
rsi 51.584, ema 50 26891.249, ema 100 26881.042, ema 200 26885.418
rsi 49.194, ema 50 26891.432, ema 100 26881.337, ema 200 26885.522
rsi 46.473, ema 50 26891.023, ema 100 26881.330, ema 200 26885.477
rsi 47.788, ema 50 26890.877, ema 100 26881.448, ema 200 26885.495
rsi 47.076, ema 50 26890.595, ema 100 26881.493, ema 200 26885.477
rsi 44.972, ema 50 26889.913, ema 100 26881.329, ema 200 26885.355
rsi 43.172, ema 50 26888.901, ema 100 26880.987, ema 200 26885.144
rsi 39.762, ema 50 26887.218, ema 100 26880.295, ema 200 26884.754
rsi 36.949, ema 50 26884.967, ema 100 26879.295, ema 200 26884.207
rsi 36.100, ema 50 26882.607, ema 100 26878.216, ema 200 26883.616
rsi 33.965, ema 50 26879.842, ema 100 26876.906, ema 200 26882.905
rsi 38.813, ema 50 26877.805, ema 100 26875.936, ema 200 26882.357
rsi 35.820, ema 50 26875.193, ema 100 26874.654, ema 200 26881.649current closing price: 26811.20, prev opening price: 26811.90, timestamp: 1684524900 
ENGULFING BEARISH!!

rsi 38.889, ema 50 26873.080, ema 100 26873.597, ema 200 26881.049
rsi 43.123, ema 50 26871.622, ema 100 26872.851, ema 200 26880.600
rsi 40.749, ema 50 26869.774, ema 100 26871.894, ema 200 26880.041
rsi 43.595, ema 50 26868.379, ema 100 26871.147, ema 200 26879.585
rsi 43.715, ema 50 26867.054, ema 100 26870.423, ema 200 26879.138
rsi 46.211, ema 50 26866.099, ema 100 26869.874, ema 200 26878.775
rsi 53.170, ema 50 26866.170, ema 100 26869.835, ema 200 26878.667
rsi 47.264, ema 50 26865.351, ema 100 26869.350, ema 200 26878.335
rsi 45.070, ema 50 26864.204, ema 100 26868.691, ema 200 26877.915
rsi 47.166, ema 50 26863.388, ema 100 26868.190, ema 200 26877.571
rsi 49.955, ema 50 26862.993, ema 100 26867.895, ema 200 26877.330
rsi 41.162, ema 50 26861.154, ema 100 26866.870, ema 200 26876.720current closing price: 26816.10, prev opening price: 26842.90, timestamp: 1684528500 
ENGULFING BEARISH!!

SHORT ORDER!!H!!
Short L
Short Order! Stop Loss: 26891.10 Take Profit: 26741.10 Entry Price 26816.00
Timestamp: 2023-05-15 17:20:00 UTC
rsi 61.368, ema 50 26866.206, ema 100 26867.421, ema 200 26875.206
rsi 56.195, ema 50 26867.147, ema 100 26867.873, ema 200 26875.356
rsi 57.295, ema 50 26868.216, ema 100 26868.398, ema 200 26875.545
rsi 53.185, ema 50 26868.772, ema 100 26868.675, ema 200 26875.613
rsi 50.860, ema 50 26869.028, ema 100 26868.806, ema 200 26875.610
rsi 51.756, ema 50 26869.384, ema 100 26868.990, ema 200 26875.635
rsi 52.423, ema 50 26869.804, ema 100 26869.210, ema 200 26875.679
rsi 47.636, ema 50 26869.678, ema 100 26869.159, ema 200 26875.589
rsi 45.609, ema 50 26869.318, ema 100 26868.987, ema 200 26875.439
rsi 46.572, ema 50 26869.067, ema 100 26868.867, ema 200 26875.314
rsi 49.273, ema 50 26869.087, ema 100 26868.881, ema 200 26875.257
rsi 53.538, ema 50 26869.551, ema 100 26869.119, ema 200 26875.314
rsi 48.172, ema 50 26869.451, ema 100 26869.077, ema 200 26875.231
rsi 48.452, ema 50 26869.382, ema 100 26869.050, ema 200 26875.156
rsi 50.511, ema 50 26869.512, ema 100 26869.122, ema 200 26875.131
rsi 56.595, ema 50 26870.276, ema 100 26869.516, ema 200 26875.269
rsi 52.779, ema 50 26870.662, ema 100 26869.725, ema 200 26875.317
rsi 57.712, ema 50 26871.593, ema 100 26870.214, ema 200 26875.507
rsi 55.361, ema 50 26872.275, ema 100 26870.586, ema 200 26875.642
rsi 55.685, ema 50 26872.966, ema 100 26870.968, ema 200 26875.783
rsi 53.013, ema 50 26873.403, ema 100 26871.228, ema 200 26875.866current closing price: 26884.10, prev opening price: 26889.00, timestamp: 1684539900 
ENGULFING BEARISH!!

rsi 45.030, ema 50 26873.042, ema 100 26871.089, ema 200 26875.750
rsi 50.803, ema 50 26873.260, ema 100 26871.238, ema 200 26875.779
rsi 52.519, ema 50 26873.650, ema 100 26871.475, ema 200 26875.852
rsi 51.758, ema 50 26873.954, ema 100 26871.671, ema 200 26875.908
rsi 57.109, ema 50 26874.810, ema 100 26872.149, ema 200 26876.105
rsi 49.193, ema 50 26874.873, ema 100 26872.233, ema 200 26876.108
rsi 51.684, ema 50 26875.195, ema 100 26872.449, ema 200 26876.178
rsi 50.374, ema 50 26875.376, ema 100 26872.594, ema 200 26876.214
rsi 41.038, ema 50 26874.471, ema 100 26872.192, ema 200 26875.976
rsi 37.700, ema 50 26873.123, ema 100 26871.557, ema 200 26875.619
rsi 36.118, ema 50 26871.589, ema 100 26870.813, ema 200 26875.205
rsi 39.692, ema 50 26870.429, ema 100 26870.243, ema 200 26874.875
rsi 39.016, ema 50 26869.224, ema 100 26869.638, ema 200 26874.525
rsi 42.544, ema 50 26868.368, ema 100 26869.197, ema 200 26874.255
rsi 45.830, ema 50 26867.840, ema 100 26868.914, ema 200 26874.062
rsi 45.457, ema 50 26867.293, ema 100 26868.617, ema 200 26873.861
rsi 45.695, ema 50 26866.787, ema 100 26868.335, ema 200 26873.668
rsi 49.540, ema 50 26866.619, ema 100 26868.220, ema 200 26873.557
rsi 49.682, ema 50 26866.469, ema 100 26868.113, ema 200 26873.450
rsi 51.964, ema 50 26866.510, ema 100 26868.100, ema 200 26873.390
rsi 50.854, ema 50 26866.466, ema 100 26868.047, ema 200 26873.311
rsi 49.711, ema 50 26866.342, ema 100 26867.953, ema 200 26873.211
rsi 50.955, ema 50 26866.309, ema 100 26867.904, ema 200 26873.135
rsi 45.255, ema 50 26865.870, ema 100 26867.651, ema 200 26872.955
rsi 44.482, ema 50 26865.388, ema 100 26867.373, ema 200 26872.763
rsi 49.158, ema 50 26865.220, ema 100 26867.248, ema 200 26872.647
rsi 53.795, ema 50 26865.384, ema 100 26867.291, ema 200 26872.614
rsi 52.309, ema 50 26865.447, ema 100 26867.285, ema 200 26872.558
rsi 48.024, ema 50 26865.226, ema 100 26867.137, ema 200 26872.431
rsi 54.098, ema 50 26865.437, ema 100 26867.206, ema 200 26872.413
rsi 55.041, ema 50 26865.710, ema 100 26867.308, ema 200 26872.413
rsi 44.799, ema 50 26865.243, ema 100 26867.041, ema 200 26872.228
rsi 41.783, ema 50 26864.531, ema 100 26866.646, ema 200 26871.978
rsi 40.049, ema 50 26863.691, ema 100 26866.180, ema 200 26871.691
rsi 41.678, ema 50 26862.981, ema 100 26865.772, ema 200 26871.431
rsi 39.593, ema 50 26862.123, ema 100 26865.284, ema 200 26871.129
rsi 39.357, ema 50 26861.279, ema 100 26864.795, ema 200 26870.825
rsi 39.107, ema 50 26860.449, ema 100 26864.306, ema 200 26870.520
rsi 44.301, ema 50 26859.917, ema 100 26863.961, ema 200 26870.285
rsi 46.885, ema 50 26859.548, ema 100 26863.695, ema 200 26870.088
rsi 51.029, ema 50 26859.432, ema 100 26863.554, ema 200 26869.954
rsi 49.528, ema 50 26859.235, ema 100 26863.373, ema 200 26869.799
rsi 52.854, ema 50 26859.238, ema 100 26863.292, ema 200 26869.694
rsi 46.051, ema 50 26858.840, ema 100 26863.011, ema 200 26869.489
rsi 53.398, ema 50 26858.913, ema 100 26862.965, ema 200 26869.402
rsi 53.632, ema 50 26858.999, ema 100 26862.929, ema 200 26869.319
rsi 52.425, ema 50 26859.015, ema 100 26862.859, ema 200 26869.221
rsi 56.743, ema 50 26859.304, ema 100 26862.929, ema 200 26869.193
rsi 56.272, ema 50 26859.559, ema 100 26862.986, ema 200 26869.159
rsi 55.121, ema 50 26859.749, ema 100 26863.014, ema 200 26869.111
rsi 52.166, ema 50 26859.790, ema 100 26862.970, ema 200 26869.029
rsi 50.233, ema 50 26859.735, ema 100 26862.879, ema 200 26868.923
rsi 51.523, ema 50 26859.746, ema 100 26862.822, ema 200 26868.834
rsi 48.961, ema 50 26859.638, ema 100 26862.707, ema 200 26868.716
rsi 51.555, ema 50 26859.652, ema 100 26862.653, ema 200 26868.630
rsi 47.166, ema 50 26859.466, ema 100 26862.500, ema 200 26868.493
rsi 44.150, ema 50 26859.138, ema 100 26862.274, ema 200 26868.320
rsi 55.898, ema 50 26859.399, ema 100 26862.344, ema 200 26868.295
rsi 55.556, ema 50 26859.634, ema 100 26862.404, ema 200 26868.266
rsi 54.832, ema 50 26859.829, ema 100 26862.448, ema 200 26868.230
rsi 56.065, ema 50 26860.079, ema 100 26862.522, ema 200 26868.209
rsi 60.686, ema 50 26860.570, ema 100 26862.722, ema 200 26868.253
rsi 53.077, ema 50 26860.724, ema 100 26862.757, ema 200 26868.216current closing price: 26864.50, prev opening price: 26866.20, timestamp: 1684558800 
ENGULFING BEARISH!!

rsi 49.994, ema 50 26860.727, ema 100 26862.718, ema 200 26868.142
rsi 52.863, ema 50 26860.871, ema 100 26862.752, ema 200 26868.105
rsi 46.480, ema 50 26860.696, ema 100 26862.626, ema 200 26867.988
rsi 53.573, ema 50 26860.896, ema 100 26862.689, ema 200 26867.967
rsi 51.239, ema 50 26860.971, ema 100 26862.691, ema 200 26867.915
rsi 53.770, ema 50 26861.180, ema 100 26862.762, ema 200 26867.899
rsi 48.714, ema 50 26861.126, ema 100 26862.704, ema 200 26867.818
rsi 45.991, ema 50 26860.925, ema 100 26862.571, ema 200 26867.701
rsi 49.510, ema 50 26860.904, ema 100 26862.528, ema 200 26867.628
rsi 51.888, ema 50 26861.006, ema 100 26862.547, ema 200 26867.587
rsi 54.705, ema 50 26861.253, ema 100 26862.641, ema 200 26867.584
rsi 54.434, ema 50 26861.478, ema 100 26862.728, ema 200 26867.578
rsi 56.224, ema 50 26861.785, ema 100 26862.858, ema 200 26867.596
rsi 56.937, ema 50 26862.115, ema 100 26863.003, ema 200 26867.622
rsi 57.353, ema 50 26862.451, ema 100 26863.156, ema 200 26867.652
rsi 48.915, ema 50 26862.449, ema 100 26863.141, ema 200 26867.600
rsi 49.109, ema 50 26862.455, ema 100 26863.130, ema 200 26867.550
rsi 44.547, ema 50 26862.265, ema 100 26863.020, ema 200 26867.451
rsi 48.561, ema 50 26862.235, ema 100 26862.990, ema 200 26867.392
rsi 36.907, ema 50 26861.587, ema 100 26862.648, ema 200 26867.176
rsi 51.011, ema 50 26861.654, ema 100 26862.661, ema 200 26867.138
rsi 42.763, ema 50 26861.165, ema 100 26862.394, ema 200 26866.959
rsi 46.650, ema 50 26860.927, ema 100 26862.250, ema 200 26866.841
rsi 43.024, ema 50 26860.432, ema 100 26861.974, ema 200 26866.657
rsi 42.708, ema 50 26859.933, ema 100 26861.691, ema 200 26866.468
rsi 45.369, ema 50 26859.598, ema 100 26861.487, ema 200 26866.318
rsi 43.544, ema 50 26859.155, ema 100 26861.226, ema 200 26866.139
rsi 40.595, ema 50 26858.526, ema 100 26860.867, ema 200 26865.909
rsi 43.900, ema 50 26858.085, ema 100 26860.598, ema 200 26865.724
rsi 39.966, ema 50 26857.392, ema 100 26860.198, ema 200 26865.472
rsi 48.777, ema 50 26857.208, ema 100 26860.050, ema 200 26865.345
rsi 49.872, ema 50 26857.098, ema 100 26859.938, ema 200 26865.236
rsi 52.752, ema 50 26857.168, ema 100 26859.918, ema 200 26865.173
rsi 51.756, ema 50 26857.181, ema 100 26859.870, ema 200 26865.097
rsi 50.083, ema 50 26857.104, ema 100 26859.777, ema 200 26864.998
rsi 53.854, ema 50 26857.241, ema 100 26859.794, ema 200 26864.955
rsi 55.723, ema 50 26857.482, ema 100 26859.865, ema 200 26864.939
rsi 55.792, ema 50 26857.718, ema 100 26859.937, ema 200 26864.925
rsi 60.782, ema 50 26858.243, ema 100 26860.158, ema 200 26864.986
rsi 60.492, ema 50 26858.736, ema 100 26860.369, ema 200 26865.044
rsi 67.692, ema 50 26859.718, ema 100 26860.833, ema 200 26865.231
rsi 60.889, ema 50 26860.373, ema 100 26861.141, ema 200 26865.342
rsi 61.117, ema 50 26861.017, ema 100 26861.451, ema 200 26865.456
rsi 60.736, ema 50 26861.620, ema 100 26861.747, ema 200 26865.565
rsi 67.936, ema 50 26862.725, ema 100 26862.303, ema 200 26865.806
rsi 76.620, ema 50 26864.775, ema 100 26863.346, ema 200 26866.295
rsi 73.883, ema 50 26866.619, ema 100 26864.306, ema 200 26866.748
rsi 68.530, ema 50 26868.136, ema 100 26865.117, ema 200 26867.132
rsi 70.143, ema 50 26869.770, ema 100 26866.002, ema 200 26867.556
rsi 63.380, ema 50 26870.999, ema 100 26866.697, ema 200 26867.890
rsi 63.304, ema 50 26872.175, ema 100 26867.376, ema 200 26868.220
rsi 63.861, ema 50 26873.353, ema 100 26868.066, ema 200 26868.558
rsi 56.889, ema 50 26874.131, ema 100 26868.564, ema 200 26868.803
rsi 60.167, ema 50 26875.126, ema 100 26869.176, ema 200 26869.108
rsi 54.500, ema 50 26875.768, ema 100 26869.618, ema 200 26869.331
rsi 46.434, ema 50 26875.848, ema 100 26869.780, ema 200 26869.415
rsi 47.413, ema 50 26875.987, ema 100 26869.971, ema 200 26869.515
rsi 48.052, ema 50 26876.160, ema 100 26870.177, ema 200 26869.623
rsi 48.052, ema 50 26876.326, ema 100 26870.380, ema 200 26869.730
rsi 56.095, ema 50 26876.996, ema 100 26870.836, ema 200 26869.966
rsi 44.192, ema 50 26876.816, ema 100 26870.867, ema 200 26869.990
rsi 50.780, ema 50 26877.125, ema 100 26871.141, ema 200 26870.136LONG ORDER!!H!! 
Long Order! Stop Loss: 26858.10 Take Profit: 26911.30 Entry Price 26884.60
Long W
Timestamp: 2023-05-15 17:20:00 UTC
rsi 61.904, ema 50 26886.954, ema 100 26879.264, ema 200 26874.832
rsi 61.305, ema 50 26887.814, ema 100 26879.850, ema 200 26875.171
rsi 70.318, ema 50 26889.441, ema 100 26880.830, ema 200 26875.710
rsi 65.114, ema 50 26890.749, ema 100 26881.661, ema 200 26876.178
rsi 56.102, ema 50 26891.492, ema 100 26882.216, ema 200 26876.512
rsi 50.474, ema 50 26891.822, ema 100 26882.566, ema 200 26876.745
rsi 51.332, ema 50 26892.202, ema 100 26882.941, ema 200 26876.991
rsi 53.554, ema 50 26892.727, ema 100 26883.390, ema 200 26877.276
rsi 47.667, ema 50 26892.828, ema 100 26883.626, ema 200 26877.455
rsi 52.023, ema 50 26893.235, ema 100 26884.013, ema 200 26877.711
rsi 46.722, ema 50 26893.233, ema 100 26884.195, ema 200 26877.865
rsi 45.041, ema 50 26893.099, ema 100 26884.306, ema 200 26877.984
rsi 50.612, ema 50 26893.358, ema 100 26884.611, ema 200 26878.200
rsi 41.580, ema 50 26892.834, ema 100 26884.520, ema 200 26878.218
rsi 47.793, ema 50 26892.809, ema 100 26884.672, ema 200 26878.357
rsi 51.398, ema 50 26893.095, ema 100 26884.977, ema 200 26878.573
rsi 48.868, ema 50 26893.154, ema 100 26885.168, ema 200 26878.733
rsi 49.308, ema 50 26893.246, ema 100 26885.372, ema 200 26878.900
rsi 47.831, ema 50 26893.217, ema 100 26885.513, ema 200 26879.035current closing price: 26892.50, prev opening price: 26895.00, timestamp: 1684590300 
ENGULFING BEARISH!!

rsi 47.323, ema 50 26893.149, ema 100 26885.632, ema 200 26879.159
rsi 48.560, ema 50 26893.167, ema 100 26885.790, ema 200 26879.303
rsi 56.958, ema 50 26893.819, ema 100 26886.265, ema 200 26879.606
rsi 55.395, ema 50 26894.344, ema 100 26886.680, ema 200 26879.881
rsi 54.773, ema 50 26894.809, ema 100 26887.066, ema 200 26880.143
rsi 54.117, ema 50 26895.216, ema 100 26887.425, ema 200 26880.392
rsi 57.611, ema 50 26895.859, ema 100 26887.904, ema 200 26880.703LONG ORDER!!H!! 
Long L
Long Order! Stop Loss: 26898.60 Take Profit: 26924.60 Entry Price 26911.90
Timestamp: 2023-05-15 17:20:00 UTC
rsi 47.131, ema 50 26895.879, ema 100 26888.227, ema 200 26881.008
rsi 50.103, ema 50 26896.017, ema 100 26888.448, ema 200 26881.191
rsi 54.284, ema 50 26896.440, ema 100 26888.811, ema 200 26881.446
rsi 54.506, ema 50 26896.862, ema 100 26889.176, ema 200 26881.702
rsi 62.774, ema 50 26897.934, ema 100 26889.869, ema 200 26882.125
rsi 63.489, ema 50 26899.031, ema 100 26890.583, ema 200 26882.561
rsi 63.029, ema 50 26900.061, ema 100 26891.270, ema 200 26882.986
rsi 52.231, ema 50 26900.427, ema 100 26891.629, ema 200 26883.249
rsi 52.725, ema 50 26900.814, ema 100 26891.999, ema 200 26883.518
rsi 54.953, ema 50 26901.343, ema 100 26892.440, ema 200 26883.824
rsi 59.981, ema 50 26902.239, ema 100 26893.069, ema 200 26884.226
rsi 65.866, ema 50 26903.657, ema 100 26893.967, ema 200 26884.765
rsi 67.254, ema 50 26905.169, ema 100 26894.922, ema 200 26885.337
rsi 76.135, ema 50 26907.888, ema 100 26896.498, ema 200 26886.224
rsi 68.738, ema 50 26910.033, ema 100 26897.807, ema 200 26886.984
rsi 67.550, ema 50 26912.016, ema 100 26899.050, ema 200 26887.716
rsi 60.111, ema 50 26913.400, ema 100 26900.006, ema 200 26888.309
rsi 61.911, ema 50 26914.937, ema 100 26901.047, ema 200 26888.949
rsi 60.524, ema 50 26916.316, ema 100 26902.019, ema 200 26889.557
rsi 61.850, ema 50 26917.782, ema 100 26903.042, ema 200 26890.196
rsi 57.248, ema 50 26918.877, ema 100 26903.887, ema 200 26890.748
rsi 55.309, ema 50 26919.792, ema 100 26904.645, ema 200 26891.260
rsi 44.956, ema 50 26919.804, ema 100 26904.951, ema 200 26891.547
rsi 51.110, ema 50 26920.357, ema 100 26905.525, ema 200 26891.968
rsi 48.089, ema 50 26920.605, ema 100 26905.944, ema 200 26892.314
rsi 45.821, ema 50 26920.625, ema 100 26906.244, ema 200 26892.600
rsi 46.260, ema 50 26920.679, ema 100 26906.556, ema 200 26892.893
rsi 43.243, ema 50 26920.448, ema 100 26906.719, ema 200 26893.111
rsi 44.007, ema 50 26920.282, ema 100 26906.907, ema 200 26893.340
rsi 46.236, ema 50 26920.278, ema 100 26907.170, ema 200 26893.608
rsi 49.737, ema 50 26920.530, ema 100 26907.557, ema 200 26893.937
rsi 48.533, ema 50 26920.682, ema 100 26907.890, ema 200 26894.240
rsi 48.478, ema 50 26920.824, ema 100 26908.215, ema 200 26894.539
rsi 45.224, ema 50 26920.729, ema 100 26908.417, ema 200 26894.777
rsi 48.445, ema 50 26920.837, ema 100 26908.716, ema 200 26895.062
rsi 49.756, ema 50 26921.024, ema 100 26909.050, ema 200 26895.366
rsi 57.557, ema 50 26921.757, ema 100 26909.657, ema 200 26895.807
rsi 56.749, ema 50 26922.413, ema 100 26910.228, ema 200 26896.232
rsi 80.112, ema 50 26926.703, ema 100 26912.636, ema 200 26897.581
rsi 82.738, ema 50 26931.781, ema 100 26915.478, ema 200 26899.159
rsi 84.825, ema 50 26937.586, ema 100 26918.732, ema 200 26900.957
rsi 89.023, ema 50 26945.881, ema 100 26923.294, ema 200 26903.426
rsi 70.267, ema 50 26951.415, ema 100 26926.536, ema 200 26905.253
rsi 70.821, ema 50 26956.936, ema 100 26929.816, ema 200 26907.113
rsi 75.108, ema 50 26963.989, ema 100 26933.915, ema 200 26909.398
rsi 67.045, ema 50 26969.437, ema 100 26937.261, ema 200 26911.324
rsi 64.241, ema 50 26974.168, ema 100 26940.288, ema 200 26913.102
rsi 65.608, ema 50 26979.158, ema 100 26943.478, ema 200 26914.976
rsi 60.230, ema 50 26982.991, ema 100 26946.120, ema 200 26916.587current closing price: 27076.90, prev opening price: 27090.00, timestamp: 1684607400 
ENGULFING BEARISH!!

rsi 62.791, ema 50 26987.423, ema 100 26949.088, ema 200 26918.372
rsi 56.091, ema 50 26990.390, ema 100 26951.346, ema 200 26919.813current closing price: 27063.10, prev opening price: 27076.90, timestamp: 1684608000 
ENGULFING BEARISH!!

rsi 58.068, ema 50 26993.771, ema 100 26953.826, ema 200 26921.373
rsi 52.183, ema 50 26995.788, ema 100 26955.635, ema 200 26922.605
rsi 48.870, ema 50 26996.961, ema 100 26957.023, ema 200 26923.631
rsi 41.830, ema 50 26996.206, ema 100 26957.432, ema 200 26924.169
rsi 44.639, ema 50 26996.096, ema 100 26958.144, ema 200 26924.857
rsi 48.447, ema 50 26996.864, ema 100 26959.284, ema 200 26925.761
rsi 49.976, ema 50 26997.964, ema 100 26960.583, ema 200 26926.748
rsi 56.407, ema 50 27000.687, ema 100 26962.699, ema 200 26928.147
rsi 52.317, ema 50 27002.362, ema 100 26964.297, ema 200 26929.294
rsi 55.797, ema 50 27004.920, ema 100 26966.342, ema 200 26930.670
rsi 54.522, ema 50 27007.096, ema 100 26968.205, ema 200 26931.961
rsi 56.329, ema 50 27009.661, ema 100 26970.270, ema 200 26933.359
rsi 53.763, ema 50 27011.596, ema 100 26972.027, ema 200 26934.610
rsi 55.848, ema 50 27013.964, ema 100 26974.007, ema 200 26935.977
rsi 54.385, ema 50 27015.958, ema 100 26975.805, ema 200 26937.259
rsi 56.466, ema 50 27018.352, ema 100 26977.808, ema 200 26938.649
rsi 50.434, ema 50 27019.487, ema 100 26979.185, ema 200 26939.730current closing price: 27047.30, prev opening price: 27069.80, timestamp: 1684613100 
ENGULFING BEARISH!!

rsi 51.596, ema 50 27020.821, ema 100 26980.656, ema 200 26940.862
rsi 51.871, ema 50 27022.157, ema 100 26982.126, ema 200 26941.997
rsi 53.297, ema 50 27023.716, ema 100 26983.706, ema 200 26943.190
rsi 47.112, ema 50 27024.084, ema 100 26984.684, ema 200 26944.085
rsi 47.226, ema 50 27024.457, ema 100 26985.653, ema 200 26944.975
rsi 49.690, ema 50 27025.227, ema 100 26986.810, ema 200 26945.962
rsi 47.768, ema 50 27025.638, ema 100 26987.778, ema 200 26946.854
rsi 44.177, ema 50 27025.390, ema 100 26988.402, ema 200 26947.575
rsi 42.139, ema 50 27024.766, ema 100 26988.820, ema 200 26948.191
rsi 42.575, ema 50 27024.227, ema 100 26989.259, ema 200 26948.816
rsi 37.675, ema 50 27022.767, ema 100 26989.215, ema 200 26949.196
rsi 37.423, ema 50 27021.313, ema 100 26989.145, ema 200 26949.560
rsi 41.496, ema 50 27020.411, ema 100 26989.326, ema 200 26950.045
rsi 40.178, ema 50 27019.312, ema 100 26989.387, ema 200 26950.466
rsi 45.605, ema 50 27018.931, ema 100 26989.787, ema 200 26951.054
rsi 54.059, ema 50 27019.836, ema 100 26990.821, ema 200 26951.959
rsi 53.506, ema 50 27020.627, ema 100 26991.795, ema 200 26952.835
rsi 54.336, ema 50 27021.516, ema 100 26992.815, ema 200 26953.736
rsi 48.389, ema 50 27021.543, ema 100 26993.397, ema 200 26954.417
rsi 46.024, ema 50 27021.208, ema 100 26993.785, ema 200 26955.000
rsi 52.253, ema 50 27021.780, ema 100 26994.617, ema 200 26955.804
rsi 51.913, ema 50 27022.283, ema 100 26995.409, ema 200 26956.588
rsi 50.817, ema 50 27022.621, ema 100 26996.112, ema 200 26957.327
rsi 48.663, ema 50 27022.663, ema 100 26996.658, ema 200 26957.988
rsi 47.844, ema 50 27022.598, ema 100 26997.140, ema 200 26958.615
Longs: 3.0
Shorts: 5.0
Wins: 2.0
Losses: 6.0
BTC on 20x Leverage
Original Balance: 300, Current Balance: 291.43, Fees: 0.44
Average ema diff of wins: 6.9883611493241915, Average ema diff of losses: 84.55022667013873
